mode: set
github.com/fahrizalfarid/kanjengmami/client.go:24.48,32.53 2 1
github.com/fahrizalfarid/kanjengmami/client.go:39.2,41.10 3 1
github.com/fahrizalfarid/kanjengmami/client.go:32.53,34.17 2 1
github.com/fahrizalfarid/kanjengmami/client.go:34.17,35.14 1 1
github.com/fahrizalfarid/kanjengmami/client.go:44.51,45.50 1 1
github.com/fahrizalfarid/kanjengmami/client.go:49.2,59.21 5 1
github.com/fahrizalfarid/kanjengmami/client.go:70.2,70.16 1 1
github.com/fahrizalfarid/kanjengmami/client.go:45.50,47.3 1 1
github.com/fahrizalfarid/kanjengmami/client.go:59.21,61.17 2 1
github.com/fahrizalfarid/kanjengmami/client.go:64.3,64.15 1 1
github.com/fahrizalfarid/kanjengmami/client.go:67.3,67.8 1 1
github.com/fahrizalfarid/kanjengmami/client.go:61.17,62.9 1 1
github.com/fahrizalfarid/kanjengmami/client.go:64.15,66.4 1 1
github.com/fahrizalfarid/kanjengmami/client.go:73.115,79.2 3 1
github.com/fahrizalfarid/kanjengmami/client.go:81.74,82.26 1 1
github.com/fahrizalfarid/kanjengmami/client.go:87.2,88.16 2 1
github.com/fahrizalfarid/kanjengmami/client.go:91.2,95.16 4 1
github.com/fahrizalfarid/kanjengmami/client.go:98.2,98.12 1 1
github.com/fahrizalfarid/kanjengmami/client.go:82.26,85.3 1 1
github.com/fahrizalfarid/kanjengmami/client.go:88.16,90.3 1 1
github.com/fahrizalfarid/kanjengmami/client.go:95.16,97.3 1 1
github.com/fahrizalfarid/kanjengmami/client.go:101.84,102.26 1 1
github.com/fahrizalfarid/kanjengmami/client.go:107.2,108.16 2 1
github.com/fahrizalfarid/kanjengmami/client.go:112.2,115.16 3 1
github.com/fahrizalfarid/kanjengmami/client.go:118.2,122.16 4 1
github.com/fahrizalfarid/kanjengmami/client.go:125.2,125.12 1 1
github.com/fahrizalfarid/kanjengmami/client.go:102.26,105.3 1 1
github.com/fahrizalfarid/kanjengmami/client.go:108.16,110.3 1 0
github.com/fahrizalfarid/kanjengmami/client.go:115.16,117.3 1 1
github.com/fahrizalfarid/kanjengmami/client.go:122.16,124.3 1 1
github.com/fahrizalfarid/kanjengmami/client.go:128.101,129.23 1 1
github.com/fahrizalfarid/kanjengmami/client.go:133.2,134.16 2 1
github.com/fahrizalfarid/kanjengmami/client.go:137.2,141.16 4 1
github.com/fahrizalfarid/kanjengmami/client.go:144.2,144.18 1 1
github.com/fahrizalfarid/kanjengmami/client.go:129.23,131.3 1 1
github.com/fahrizalfarid/kanjengmami/client.go:134.16,136.3 1 1
github.com/fahrizalfarid/kanjengmami/client.go:141.16,143.3 1 1
github.com/fahrizalfarid/kanjengmami/client.go:147.111,148.23 1 1
github.com/fahrizalfarid/kanjengmami/client.go:152.2,153.16 2 1
github.com/fahrizalfarid/kanjengmami/client.go:156.2,160.16 4 1
github.com/fahrizalfarid/kanjengmami/client.go:164.2,165.16 2 1
github.com/fahrizalfarid/kanjengmami/client.go:169.2,172.8 1 1
github.com/fahrizalfarid/kanjengmami/client.go:148.23,150.3 1 1
github.com/fahrizalfarid/kanjengmami/client.go:153.16,155.3 1 0
github.com/fahrizalfarid/kanjengmami/client.go:160.16,162.3 1 1
github.com/fahrizalfarid/kanjengmami/client.go:165.16,167.3 1 0
github.com/fahrizalfarid/kanjengmami/client.go:175.80,176.23 1 1
github.com/fahrizalfarid/kanjengmami/client.go:180.2,181.16 2 1
github.com/fahrizalfarid/kanjengmami/client.go:184.2,188.12 4 1
github.com/fahrizalfarid/kanjengmami/client.go:176.23,178.3 1 1
github.com/fahrizalfarid/kanjengmami/client.go:181.16,183.3 1 0
github.com/fahrizalfarid/kanjengmami/encryption.go:12.34,13.27 1 1
github.com/fahrizalfarid/kanjengmami/encryption.go:17.2,17.28 1 1
github.com/fahrizalfarid/kanjengmami/encryption.go:21.2,22.16 2 1
github.com/fahrizalfarid/kanjengmami/encryption.go:25.2,26.16 2 1
github.com/fahrizalfarid/kanjengmami/encryption.go:30.2,31.22 2 1
github.com/fahrizalfarid/kanjengmami/encryption.go:35.2,36.16 2 1
github.com/fahrizalfarid/kanjengmami/encryption.go:40.2,41.16 2 1
github.com/fahrizalfarid/kanjengmami/encryption.go:44.2,45.16 2 1
github.com/fahrizalfarid/kanjengmami/encryption.go:49.2,52.12 3 1
github.com/fahrizalfarid/kanjengmami/encryption.go:13.27,15.3 1 1
github.com/fahrizalfarid/kanjengmami/encryption.go:17.28,19.3 1 1
github.com/fahrizalfarid/kanjengmami/encryption.go:22.16,24.3 1 1
github.com/fahrizalfarid/kanjengmami/encryption.go:26.16,28.3 1 0
github.com/fahrizalfarid/kanjengmami/encryption.go:31.22,33.3 1 0
github.com/fahrizalfarid/kanjengmami/encryption.go:36.16,38.3 1 0
github.com/fahrizalfarid/kanjengmami/encryption.go:41.16,43.3 1 0
github.com/fahrizalfarid/kanjengmami/encryption.go:45.16,47.3 1 0
github.com/fahrizalfarid/kanjengmami/encryption.go:55.61,56.24 1 1
github.com/fahrizalfarid/kanjengmami/encryption.go:60.2,61.16 2 1
github.com/fahrizalfarid/kanjengmami/encryption.go:64.2,64.27 1 1
github.com/fahrizalfarid/kanjengmami/encryption.go:56.24,58.3 1 1
github.com/fahrizalfarid/kanjengmami/encryption.go:61.16,63.3 1 0
github.com/fahrizalfarid/kanjengmami/encryption.go:67.70,68.25 1 1
github.com/fahrizalfarid/kanjengmami/encryption.go:72.2,73.16 2 1
github.com/fahrizalfarid/kanjengmami/encryption.go:76.2,76.18 1 1
github.com/fahrizalfarid/kanjengmami/encryption.go:68.25,70.3 1 1
github.com/fahrizalfarid/kanjengmami/encryption.go:73.16,75.3 1 0
github.com/fahrizalfarid/kanjengmami/nameResolver.go:20.41,20.58 1 1
github.com/fahrizalfarid/kanjengmami/nameResolver.go:21.32,24.29 3 1
github.com/fahrizalfarid/kanjengmami/nameResolver.go:27.2,29.4 1 1
github.com/fahrizalfarid/kanjengmami/nameResolver.go:24.29,26.3 1 1
github.com/fahrizalfarid/kanjengmami/nameResolver.go:32.64,32.65 0 1
github.com/fahrizalfarid/kanjengmami/nameResolver.go:33.64,33.65 0 1
github.com/fahrizalfarid/kanjengmami/nameResolver.go:35.134,45.2 3 1
github.com/fahrizalfarid/kanjengmami/nameResolver.go:47.25,49.2 1 1
